<?xml version="1.0" encoding="UTF-8"?>
<!-- Generated by org.testng.reporters.JUnitReportReporter -->
<testsuite hostname="DESKTOP-UAHKPAS" name="Login.WebTables_GetAllRowsData" tests="1" failures="0" timestamp="16 Jan 2019 13:26:00 GMT" time="4.610" errors="0">
  <testcase name="NavigateHN" time="4.610" classname="Login.WebTables_GetAllRowsData"/>
</testsuite> <!-- Login.WebTables_GetAllRowsData -->
