<?xml version="1.0" encoding="UTF-8"?>
<!-- Generated by org.testng.reporters.JUnitReportReporter -->
<testsuite hostname="DESKTOP-UAHKPAS" name="Login.WebTables_Practice" tests="1" failures="0" timestamp="15 Jan 2019 00:36:42 GMT" time="4.169" errors="0">
  <testcase name="NavigateHN" time="4.169" classname="Login.WebTables_Practice"/>
</testsuite> <!-- Login.WebTables_Practice -->
