<?xml version="1.0" encoding="UTF-8"?>
<!-- Generated by org.testng.reporters.JUnitReportReporter -->
<testsuite hostname="DESKTOP-UAHKPAS" name="Login.AT02_NavigateToLoginToMyAccount" tests="2" failures="0" timestamp="12 Jan 2019 04:04:34 GMT" time="10.382" errors="0">
  <testcase name="NavigateHN" time="8.750" classname="Login.AT02_NavigateToLoginToMyAccount"/>
  <testcase name="NavLoginToMyAcc" time="1.632" classname="Login.AT02_NavigateToLoginToMyAccount"/>
</testsuite> <!-- Login.AT02_NavigateToLoginToMyAccount -->
