<?xml version="1.0" encoding="UTF-8"?>
<!-- Generated by org.testng.reporters.JUnitReportReporter -->
<testsuite hostname="DESKTOP-UAHKPAS" name="Login.TestNGDependencies" tests="3" failures="0" timestamp="12 Jan 2019 04:24:19 GMT" time="0.026" errors="0">
  <testcase name="login" time="0.020" classname="Login.TestNGDependencies"/>
  <testcase name="logout" time="0.002" classname="Login.TestNGDependencies"/>
  <testcase name="DoSomeActivity" time="0.004" classname="Login.TestNGDependencies"/>
</testsuite> <!-- Login.TestNGDependencies -->
