<?xml version="1.0" encoding="UTF-8"?>
<!-- Generated by org.testng.reporters.JUnitReportReporter -->
<testsuite hostname="DESKTOP-UAHKPAS" name="Login.AT01_NavigatetohomepageofHN" tests="1" failures="0" timestamp="12 Jan 2019 04:28:51 GMT" time="8.354" errors="0">
  <testcase name="NavigateHN" time="8.354" classname="Login.AT01_NavigatetohomepageofHN"/>
</testsuite> <!-- Login.AT01_NavigatetohomepageofHN -->
