<?xml version="1.0" encoding="UTF-8"?>
<!-- Generated by org.testng.reporters.JUnitReportReporter -->
<testsuite hostname="DESKTOP-UAHKPAS" name="Login.TestNGPriority" tests="3" failures="0" timestamp="11 Jan 2019 08:06:50 GMT" time="0.031" errors="0">
  <testcase name="DoSomeActivity" time="0.024" classname="Login.TestNGPriority"/>
  <testcase name="logout" time="0.002" classname="Login.TestNGPriority"/>
  <testcase name="login" time="0.005" classname="Login.TestNGPriority"/>
</testsuite> <!-- Login.TestNGPriority -->
