<?xml version="1.0" encoding="UTF-8"?>
<!-- Generated by org.testng.reporters.JUnitReportReporter -->
<testsuite hostname="DESKTOP-UAHKPAS" name="Login.AT03_NavigateToCreateAnAccount" tests="3" failures="0" timestamp="17 Jan 2019 08:30:49 GMT" time="18.497" errors="0">
  <testcase name="NavLoginToMyAcc" time="2.629" classname="Login.AT03_NavigateToCreateAnAccount"/>
  <testcase name="NavCreAcc" time="6.298" classname="Login.AT03_NavigateToCreateAnAccount"/>
  <testcase name="NavigateHN" time="9.570" classname="Login.AT03_NavigateToCreateAnAccount"/>
</testsuite> <!-- Login.AT03_NavigateToCreateAnAccount -->
