<?xml version="1.0" encoding="UTF-8"?>
<!-- Generated by org.testng.reporters.JUnitReportReporter -->
<testsuite hostname="DESKTOP-UAHKPAS" name="Login.WebTables_GetRowColumnsCount" tests="1" failures="0" timestamp="14 Jan 2019 11:53:53 GMT" time="23.136" errors="0">
  <testcase name="NavigateHN" time="23.136" classname="Login.WebTables_GetRowColumnsCount"/>
</testsuite> <!-- Login.WebTables_GetRowColumnsCount -->
