<?xml version="1.0" encoding="UTF-8"?>
<!-- Generated by org.testng.reporters.JUnitReportReporter -->
<testsuite hostname="DESKTOP-UAHKPAS" name="Login.WebTables_GetOneRowData" tests="1" failures="0" timestamp="14 Jan 2019 12:41:30 GMT" time="6.277" errors="0">
  <testcase name="NavigateHN" time="6.277" classname="Login.WebTables_GetOneRowData"/>
</testsuite> <!-- Login.WebTables_GetOneRowData -->
