<?xml version="1.0" encoding="UTF-8"?>
<!-- Generated by org.testng.reporters.JUnitReportReporter -->
<testsuite hostname="DESKTOP-UAHKPAS" name="Login.InnerHTML_Attribute" tests="1" failures="0" timestamp="17 Jan 2019 03:07:29 GMT" time="7.020" errors="0">
  <testcase name="NavigateHN" time="7.020" classname="Login.InnerHTML_Attribute"/>
</testsuite> <!-- Login.InnerHTML_Attribute -->
