<?xml version="1.0" encoding="UTF-8"?>
<!-- Generated by org.testng.reporters.JUnitReportReporter -->
<testsuite hostname="DESKTOP-UAHKPAS" name="Login.InnerHTML_Attribute2" tests="1" failures="0" timestamp="12 Jan 2019 03:27:30 GMT" time="10.654" errors="0">
  <testcase name="NavigateHN" time="10.654" classname="Login.InnerHTML_Attribute2"/>
</testsuite> <!-- Login.InnerHTML_Attribute2 -->
